
  [4;36;1mSQL (3.6ms)[0m   [0;1m SELECT name
 FROM sqlite_master
 WHERE type = 'table' AND NOT name = 'sqlite_sequence'
[0m
  [4;35;1mSQL (0.1ms)[0m   [0mselect sqlite_version(*)[0m
  [4;36;1mSQL (116.8ms)[0m   [0;1mCREATE TABLE "schema_migrations" ("version" varchar(255) NOT NULL) [0m
  [4;35;1mSQL (105.6ms)[0m   [0mCREATE UNIQUE INDEX "unique_schema_migrations" ON "schema_migrations" ("version")[0m
  [4;36;1mSQL (2.1ms)[0m   [0;1m SELECT name
 FROM sqlite_master
 WHERE type = 'table' AND NOT name = 'sqlite_sequence'
[0m
  [4;35;1mSQL (2.0ms)[0m   [0m SELECT name
 FROM sqlite_master
 WHERE type = 'table' AND NOT name = 'sqlite_sequence'
[0m
  [4;36;1mSQL (2.3ms)[0m   [0;1mSELECT version FROM schema_migrations[0m
  [4;35;1mSQL (1.6ms)[0m   [0m SELECT name
 FROM sqlite_master
 WHERE type = 'table' AND NOT name = 'sqlite_sequence'
[0m


Processing ProductsController#index (for 127.0.0.1 at 2010-05-11 19:37:45) [GET]
  [4;36;1mProduct Load (0.0ms)[0m   [0;1mSQLite3::SQLException: no such table: products: SELECT * FROM "products" [0m


ActiveRecord::StatementInvalid (SQLite3::SQLException: no such table: products: SELECT * FROM "products" ):
    /System/Library/Frameworks/Ruby.framework/Versions/1.8/usr/lib/ruby/gems/1.8/gems/activerecord-2.2.2/lib/active_record/connection_adapters/abstract_adapter.rb:188:in `log'
    /System/Library/Frameworks/Ruby.framework/Versions/1.8/usr/lib/ruby/gems/1.8/gems/activerecord-2.2.2/lib/active_record/connection_adapters/sqlite_adapter.rb:132:in `execute'
    /System/Library/Frameworks/Ruby.framework/Versions/1.8/usr/lib/ruby/gems/1.8/gems/activerecord-2.2.2/lib/active_record/connection_adapters/sqlite_adapter.rb:372:in `catch_schema_changes'
    /System/Library/Frameworks/Ruby.framework/Versions/1.8/usr/lib/ruby/gems/1.8/gems/activerecord-2.2.2/lib/active_record/connection_adapters/sqlite_adapter.rb:132:in `execute'
    /System/Library/Frameworks/Ruby.framework/Versions/1.8/usr/lib/ruby/gems/1.8/gems/activerecord-2.2.2/lib/active_record/connection_adapters/sqlite_adapter.rb:275:in `select'
    /System/Library/Frameworks/Ruby.framework/Versions/1.8/usr/lib/ruby/gems/1.8/gems/activerecord-2.2.2/lib/active_record/connection_adapters/abstract/database_statements.rb:7:in `select_all_without_query_cache'
    /System/Library/Frameworks/Ruby.framework/Versions/1.8/usr/lib/ruby/gems/1.8/gems/activerecord-2.2.2/lib/active_record/connection_adapters/abstract/query_cache.rb:60:in `select_all'
    /System/Library/Frameworks/Ruby.framework/Versions/1.8/usr/lib/ruby/gems/1.8/gems/activerecord-2.2.2/lib/active_record/connection_adapters/abstract/query_cache.rb:81:in `cache_sql'
    /System/Library/Frameworks/Ruby.framework/Versions/1.8/usr/lib/ruby/gems/1.8/gems/activerecord-2.2.2/lib/active_record/connection_adapters/abstract/query_cache.rb:60:in `select_all'
    /System/Library/Frameworks/Ruby.framework/Versions/1.8/usr/lib/ruby/gems/1.8/gems/activerecord-2.2.2/lib/active_record/base.rb:635:in `find_by_sql'
    /System/Library/Frameworks/Ruby.framework/Versions/1.8/usr/lib/ruby/gems/1.8/gems/activerecord-2.2.2/lib/active_record/base.rb:1490:in `find_every'
    /System/Library/Frameworks/Ruby.framework/Versions/1.8/usr/lib/ruby/gems/1.8/gems/activerecord-2.2.2/lib/active_record/base.rb:589:in `find'
    /app/controllers/products_controller.rb:5:in `index'
    /System/Library/Frameworks/Ruby.framework/Versions/1.8/usr/lib/ruby/gems/1.8/gems/actionpack-2.2.2/lib/action_controller/base.rb:1253:in `send'
    /System/Library/Frameworks/Ruby.framework/Versions/1.8/usr/lib/ruby/gems/1.8/gems/actionpack-2.2.2/lib/action_controller/base.rb:1253:in `perform_action_without_filters'
    /System/Library/Frameworks/Ruby.framework/Versions/1.8/usr/lib/ruby/gems/1.8/gems/actionpack-2.2.2/lib/action_controller/filters.rb:617:in `call_filters'
    /System/Library/Frameworks/Ruby.framework/Versions/1.8/usr/lib/ruby/gems/1.8/gems/actionpack-2.2.2/lib/action_controller/filters.rb:610:in `perform_action_without_benchmark'
    /System/Library/Frameworks/Ruby.framework/Versions/1.8/usr/lib/ruby/gems/1.8/gems/actionpack-2.2.2/lib/action_controller/benchmarking.rb:68:in `perform_action_without_rescue'
    /System/Library/Frameworks/Ruby.framework/Versions/1.8/usr/lib/ruby/1.8/benchmark.rb:293:in `measure'
    /System/Library/Frameworks/Ruby.framework/Versions/1.8/usr/lib/ruby/gems/1.8/gems/actionpack-2.2.2/lib/action_controller/benchmarking.rb:68:in `perform_action_without_rescue'
    /System/Library/Frameworks/Ruby.framework/Versions/1.8/usr/lib/ruby/gems/1.8/gems/actionpack-2.2.2/lib/action_controller/rescue.rb:136:in `perform_action_without_caching'
    /System/Library/Frameworks/Ruby.framework/Versions/1.8/usr/lib/ruby/gems/1.8/gems/actionpack-2.2.2/lib/action_controller/caching/sql_cache.rb:13:in `perform_action'
    /System/Library/Frameworks/Ruby.framework/Versions/1.8/usr/lib/ruby/gems/1.8/gems/activerecord-2.2.2/lib/active_record/connection_adapters/abstract/query_cache.rb:34:in `cache'
    /System/Library/Frameworks/Ruby.framework/Versions/1.8/usr/lib/ruby/gems/1.8/gems/activerecord-2.2.2/lib/active_record/query_cache.rb:8:in `cache'
    /System/Library/Frameworks/Ruby.framework/Versions/1.8/usr/lib/ruby/gems/1.8/gems/actionpack-2.2.2/lib/action_controller/caching/sql_cache.rb:12:in `perform_action'
    /System/Library/Frameworks/Ruby.framework/Versions/1.8/usr/lib/ruby/gems/1.8/gems/actionpack-2.2.2/lib/action_controller/base.rb:524:in `send'
    /System/Library/Frameworks/Ruby.framework/Versions/1.8/usr/lib/ruby/gems/1.8/gems/actionpack-2.2.2/lib/action_controller/base.rb:524:in `process_without_filters'
    /System/Library/Frameworks/Ruby.framework/Versions/1.8/usr/lib/ruby/gems/1.8/gems/actionpack-2.2.2/lib/action_controller/filters.rb:606:in `process_without_session_management_support'
    /System/Library/Frameworks/Ruby.framework/Versions/1.8/usr/lib/ruby/gems/1.8/gems/actionpack-2.2.2/lib/action_controller/session_management.rb:134:in `process'
    /System/Library/Frameworks/Ruby.framework/Versions/1.8/usr/lib/ruby/gems/1.8/gems/actionpack-2.2.2/lib/action_controller/base.rb:392:in `process'
    /System/Library/Frameworks/Ruby.framework/Versions/1.8/usr/lib/ruby/gems/1.8/gems/actionpack-2.2.2/lib/action_controller/dispatcher.rb:183:in `handle_request'
    /System/Library/Frameworks/Ruby.framework/Versions/1.8/usr/lib/ruby/gems/1.8/gems/actionpack-2.2.2/lib/action_controller/dispatcher.rb:110:in `dispatch_unlocked'
    /System/Library/Frameworks/Ruby.framework/Versions/1.8/usr/lib/ruby/gems/1.8/gems/actionpack-2.2.2/lib/action_controller/dispatcher.rb:123:in `dispatch'
    /System/Library/Frameworks/Ruby.framework/Versions/1.8/usr/lib/ruby/gems/1.8/gems/actionpack-2.2.2/lib/action_controller/dispatcher.rb:122:in `synchronize'
    /System/Library/Frameworks/Ruby.framework/Versions/1.8/usr/lib/ruby/gems/1.8/gems/actionpack-2.2.2/lib/action_controller/dispatcher.rb:122:in `dispatch'
    /System/Library/Frameworks/Ruby.framework/Versions/1.8/usr/lib/ruby/gems/1.8/gems/actionpack-2.2.2/lib/action_controller/dispatcher.rb:132:in `dispatch_cgi'
    /System/Library/Frameworks/Ruby.framework/Versions/1.8/usr/lib/ruby/gems/1.8/gems/actionpack-2.2.2/lib/action_controller/dispatcher.rb:39:in `dispatch'
    /System/Library/Frameworks/Ruby.framework/Versions/1.8/usr/lib/ruby/gems/1.8/gems/mongrel-1.1.5/bin/../lib/mongrel/rails.rb:76:in `process'
    /System/Library/Frameworks/Ruby.framework/Versions/1.8/usr/lib/ruby/gems/1.8/gems/mongrel-1.1.5/bin/../lib/mongrel/rails.rb:74:in `synchronize'
    /System/Library/Frameworks/Ruby.framework/Versions/1.8/usr/lib/ruby/gems/1.8/gems/mongrel-1.1.5/bin/../lib/mongrel/rails.rb:74:in `process'
    /System/Library/Frameworks/Ruby.framework/Versions/1.8/usr/lib/ruby/gems/1.8/gems/mongrel-1.1.5/lib/mongrel.rb:159:in `process_client'
    /System/Library/Frameworks/Ruby.framework/Versions/1.8/usr/lib/ruby/gems/1.8/gems/mongrel-1.1.5/lib/mongrel.rb:158:in `each'
    /System/Library/Frameworks/Ruby.framework/Versions/1.8/usr/lib/ruby/gems/1.8/gems/mongrel-1.1.5/lib/mongrel.rb:158:in `process_client'
    /System/Library/Frameworks/Ruby.framework/Versions/1.8/usr/lib/ruby/gems/1.8/gems/mongrel-1.1.5/lib/mongrel.rb:285:in `run'
    /System/Library/Frameworks/Ruby.framework/Versions/1.8/usr/lib/ruby/gems/1.8/gems/mongrel-1.1.5/lib/mongrel.rb:285:in `initialize'
    /System/Library/Frameworks/Ruby.framework/Versions/1.8/usr/lib/ruby/gems/1.8/gems/mongrel-1.1.5/lib/mongrel.rb:285:in `new'
    /System/Library/Frameworks/Ruby.framework/Versions/1.8/usr/lib/ruby/gems/1.8/gems/mongrel-1.1.5/lib/mongrel.rb:285:in `run'
    /System/Library/Frameworks/Ruby.framework/Versions/1.8/usr/lib/ruby/gems/1.8/gems/mongrel-1.1.5/lib/mongrel.rb:268:in `initialize'
    /System/Library/Frameworks/Ruby.framework/Versions/1.8/usr/lib/ruby/gems/1.8/gems/mongrel-1.1.5/lib/mongrel.rb:268:in `new'
    /System/Library/Frameworks/Ruby.framework/Versions/1.8/usr/lib/ruby/gems/1.8/gems/mongrel-1.1.5/lib/mongrel.rb:268:in `run'
    /System/Library/Frameworks/Ruby.framework/Versions/1.8/usr/lib/ruby/gems/1.8/gems/mongrel-1.1.5/lib/mongrel/configurator.rb:282:in `run'
    /System/Library/Frameworks/Ruby.framework/Versions/1.8/usr/lib/ruby/gems/1.8/gems/mongrel-1.1.5/lib/mongrel/configurator.rb:281:in `each'
    /System/Library/Frameworks/Ruby.framework/Versions/1.8/usr/lib/ruby/gems/1.8/gems/mongrel-1.1.5/lib/mongrel/configurator.rb:281:in `run'
    /System/Library/Frameworks/Ruby.framework/Versions/1.8/usr/lib/ruby/gems/1.8/gems/mongrel-1.1.5/bin/mongrel_rails:128:in `run'
    /System/Library/Frameworks/Ruby.framework/Versions/1.8/usr/lib/ruby/gems/1.8/gems/mongrel-1.1.5/lib/mongrel/command.rb:212:in `run'
    /System/Library/Frameworks/Ruby.framework/Versions/1.8/usr/lib/ruby/gems/1.8/gems/mongrel-1.1.5/bin/mongrel_rails:281
    /System/Library/Frameworks/Ruby.framework/Versions/1.8/usr/lib/ruby/gems/1.8/gems/activesupport-2.2.2/lib/active_support/dependencies.rb:142:in `load_without_new_constant_marking'
    /System/Library/Frameworks/Ruby.framework/Versions/1.8/usr/lib/ruby/gems/1.8/gems/activesupport-2.2.2/lib/active_support/dependencies.rb:142:in `load'
    /System/Library/Frameworks/Ruby.framework/Versions/1.8/usr/lib/ruby/gems/1.8/gems/activesupport-2.2.2/lib/active_support/dependencies.rb:521:in `new_constants_in'
    /System/Library/Frameworks/Ruby.framework/Versions/1.8/usr/lib/ruby/gems/1.8/gems/activesupport-2.2.2/lib/active_support/dependencies.rb:142:in `load'
    /System/Library/Frameworks/Ruby.framework/Versions/1.8/usr/lib/ruby/gems/1.8/gems/rails-2.2.2/lib/commands/servers/mongrel.rb:64
    /System/Library/Frameworks/Ruby.framework/Versions/1.8/usr/lib/ruby/1.8/rubygems/custom_require.rb:31:in `gem_original_require'
    /System/Library/Frameworks/Ruby.framework/Versions/1.8/usr/lib/ruby/1.8/rubygems/custom_require.rb:31:in `require'
    /System/Library/Frameworks/Ruby.framework/Versions/1.8/usr/lib/ruby/gems/1.8/gems/activesupport-2.2.2/lib/active_support/dependencies.rb:153:in `require'
    /System/Library/Frameworks/Ruby.framework/Versions/1.8/usr/lib/ruby/gems/1.8/gems/activesupport-2.2.2/lib/active_support/dependencies.rb:521:in `new_constants_in'
    /System/Library/Frameworks/Ruby.framework/Versions/1.8/usr/lib/ruby/gems/1.8/gems/activesupport-2.2.2/lib/active_support/dependencies.rb:153:in `require'
    /System/Library/Frameworks/Ruby.framework/Versions/1.8/usr/lib/ruby/gems/1.8/gems/rails-2.2.2/lib/commands/server.rb:49
    /System/Library/Frameworks/Ruby.framework/Versions/1.8/usr/lib/ruby/1.8/rubygems/custom_require.rb:31:in `gem_original_require'
    /System/Library/Frameworks/Ruby.framework/Versions/1.8/usr/lib/ruby/1.8/rubygems/custom_require.rb:31:in `require'
    script/server:3

Rendered /System/Library/Frameworks/Ruby.framework/Versions/1.8/usr/lib/ruby/gems/1.8/gems/actionpack-2.2.2/lib/action_controller/templates/rescues/_trace (84.6ms)
Rendered /System/Library/Frameworks/Ruby.framework/Versions/1.8/usr/lib/ruby/gems/1.8/gems/actionpack-2.2.2/lib/action_controller/templates/rescues/_request_and_response (0.5ms)
Rendering /System/Library/Frameworks/Ruby.framework/Versions/1.8/usr/lib/ruby/gems/1.8/gems/actionpack-2.2.2/lib/action_controller/templates/rescues/layout.erb (internal_server_error)
  [4;36;1mSQL (3.8ms)[0m   [0;1m SELECT name
 FROM sqlite_master
 WHERE type = 'table' AND NOT name = 'sqlite_sequence'
[0m
  [4;35;1mSQL (1.9ms)[0m   [0mSELECT version FROM schema_migrations[0m
Migrating to CreateProducts (20100511171932)
  [4;36;1mSQL (0.1ms)[0m   [0;1mselect sqlite_version(*)[0m
  [4;35;1mSQL (106.9ms)[0m   [0mCREATE TABLE "products" ("id" INTEGER PRIMARY KEY AUTOINCREMENT NOT NULL, "title" varchar(255), "description" text, "image_url" varchar(255), "created_at" datetime, "updated_at" datetime) [0m
  [4;36;1mSQL (94.7ms)[0m   [0;1mINSERT INTO schema_migrations (version) VALUES ('20100511171932')[0m
  [4;35;1mSQL (1.8ms)[0m   [0m SELECT name
 FROM sqlite_master
 WHERE type = 'table' AND NOT name = 'sqlite_sequence'
[0m
  [4;36;1mSQL (2.0ms)[0m   [0;1mSELECT version FROM schema_migrations[0m
  [4;35;1mSQL (1.4ms)[0m   [0m SELECT name
 FROM sqlite_master
 WHERE type = 'table' AND NOT name = 'sqlite_sequence'
[0m
  [4;36;1mSQL (0.0ms)[0m   [0;1mPRAGMA index_list("products")[0m


Processing ProductsController#index (for 127.0.0.1 at 2010-05-11 19:38:38) [GET]
  [4;35;1mProduct Load (3.9ms)[0m   [0mSELECT * FROM "products" [0m
Rendering template within layouts/products
Rendering products/index
Completed in 33ms (View: 8, DB: 4) | 200 OK [http://localhost/products]
  [4;36;1mSQL (4.6ms)[0m   [0;1m SELECT name
 FROM sqlite_master
 WHERE type = 'table' AND NOT name = 'sqlite_sequence'
[0m
  [4;35;1mSQL (1.8ms)[0m   [0mSELECT version FROM schema_migrations[0m
Migrating to CreateProducts (20100511171932)
Migrating to AddPriceToProduct (20100511175327)
  [4;36;1mSQL (0.1ms)[0m   [0;1mselect sqlite_version(*)[0m
  [4;35;1mSQL (96.7ms)[0m   [0mALTER TABLE "products" ADD "price" decimal[0m
  [4;36;1mSQL (113.8ms)[0m   [0;1mVACUUM[0m
  [4;35;1mSQL (106.3ms)[0m   [0mINSERT INTO schema_migrations (version) VALUES ('20100511175327')[0m
  [4;36;1mSQL (2.0ms)[0m   [0;1m SELECT name
 FROM sqlite_master
 WHERE type = 'table' AND NOT name = 'sqlite_sequence'
[0m
  [4;35;1mSQL (1.8ms)[0m   [0mSELECT version FROM schema_migrations[0m
  [4;36;1mSQL (1.2ms)[0m   [0;1m SELECT name
 FROM sqlite_master
 WHERE type = 'table' AND NOT name = 'sqlite_sequence'
[0m
  [4;35;1mSQL (0.0ms)[0m   [0mPRAGMA index_list("products")[0m
  [4;36;1mProduct Load (2.1ms)[0m   [0;1mSELECT * FROM "products" [0m
  [4;36;1mSQL (3.8ms)[0m   [0;1m SELECT name
 FROM sqlite_master
 WHERE type = 'table' AND NOT name = 'sqlite_sequence'
[0m
  [4;35;1mSQL (1.7ms)[0m   [0mSELECT version FROM schema_migrations[0m
Migrating to CreateProducts (20100511171932)
Migrating to AddPriceToProduct (20100511175327)
  [4;36;1mSQL (0.1ms)[0m   [0;1mselect sqlite_version(*)[0m
  [4;35;1mSQL (1.4ms)[0m   [0m SELECT name
 FROM sqlite_master
 WHERE type = 'table' AND NOT name = 'sqlite_sequence'
[0m
  [4;36;1mSQL (1.5ms)[0m   [0;1mSELECT version FROM schema_migrations[0m
  [4;35;1mSQL (1.5ms)[0m   [0m SELECT name
 FROM sqlite_master
 WHERE type = 'table' AND NOT name = 'sqlite_sequence'
[0m
  [4;36;1mSQL (0.0ms)[0m   [0;1mPRAGMA index_list("products")[0m


Processing ProductsController#index (for 127.0.0.1 at 2010-05-11 20:00:04) [GET]
  [4;36;1mProduct Load (3.9ms)[0m   [0;1mSELECT * FROM "products" [0m
Rendering template within layouts/products
Rendering products/index
Completed in 20ms (View: 7, DB: 4) | 200 OK [http://localhost/products]


Processing ProductsController#index (for 127.0.0.1 at 2010-05-11 20:02:18) [GET]
  [4;35;1mProduct Load (4.7ms)[0m   [0mSELECT * FROM "products" [0m
Rendering template within layouts/products
Rendering products/index
Completed in 21ms (View: 7, DB: 5) | 200 OK [http://localhost/products]
  [4;36;1mSQL (3.5ms)[0m   [0;1m SELECT name
 FROM sqlite_master
 WHERE type = 'table' AND NOT name = 'sqlite_sequence'
[0m
  [4;35;1mSQL (1.9ms)[0m   [0mSELECT version FROM schema_migrations[0m
Migrating to CreateProducts (20100511171932)
Migrating to AddPriceToProduct (20100511175327)
  [4;36;1mSQL (0.1ms)[0m   [0;1mselect sqlite_version(*)[0m
  [4;35;1mSQL (1.5ms)[0m   [0m SELECT name
 FROM sqlite_master
 WHERE type = 'table' AND NOT name = 'sqlite_sequence'
[0m
  [4;36;1mSQL (1.4ms)[0m   [0;1mSELECT version FROM schema_migrations[0m
  [4;35;1mSQL (1.5ms)[0m   [0m SELECT name
 FROM sqlite_master
 WHERE type = 'table' AND NOT name = 'sqlite_sequence'
[0m
  [4;36;1mSQL (0.0ms)[0m   [0;1mPRAGMA index_list("products")[0m


Processing ProductsController#index (for 127.0.0.1 at 2010-05-11 20:02:32) [GET]
  [4;36;1mProduct Load (3.9ms)[0m   [0;1mSELECT * FROM "products" [0m
Rendering template within layouts/products
Rendering products/index
Completed in 17ms (View: 6, DB: 4) | 200 OK [http://localhost/products]


Processing ProductsController#new (for 127.0.0.1 at 2010-05-11 20:02:35) [GET]
Rendering template within layouts/products
Rendering products/new
Completed in 16ms (View: 8, DB: 0) | 200 OK [http://localhost/products/new]


Processing ProductsController#create (for 127.0.0.1 at 2010-05-11 20:02:44) [POST]
  Parameters: {"commit"=>"Create", "authenticity_token"=>"c2dbc43c7cb4810dcadfa7f802ab546a9d8e5dce", "product"=>{"price"=>"42342", "image_url"=>"fjsdjdfioajfiajoi", "title"=>"lflsafl", "description"=>"fsdjfajfla"}}
  [4;35;1mProduct Create (9.7ms)[0m   [0mINSERT INTO "products" ("price", "created_at", "title", "image_url", "updated_at", "description") VALUES(42342.0, '2010-05-11 18:02:44', 'lflsafl', 'fjsdjdfioajfiajoi', '2010-05-11 18:02:44', 'fsdjfajfla')[0m
Redirected to #<Product:0x103ae2fa0>
Completed in 172ms (DB: 10) | 302 Found [http://localhost/products]


Processing ProductsController#show (for 127.0.0.1 at 2010-05-11 20:02:44) [GET]
  Parameters: {"id"=>"1"}
  [4;36;1mProduct Load (2.0ms)[0m   [0;1mSELECT * FROM "products" WHERE ("products"."id" = 1) [0m
Rendering template within layouts/products
Rendering products/show
Completed in 17ms (View: 7, DB: 2) | 200 OK [http://localhost/products/1]


Processing ProductsController#edit (for 127.0.0.1 at 2010-05-11 20:02:48) [GET]
  Parameters: {"id"=>"1"}
  [4;35;1mProduct Load (1.8ms)[0m   [0mSELECT * FROM "products" WHERE ("products"."id" = 1) [0m
Rendering template within layouts/products
Rendering products/edit
Completed in 18ms (View: 8, DB: 2) | 200 OK [http://localhost/products/1/edit]


Processing ProductsController#index (for 127.0.0.1 at 2010-05-11 20:02:50) [GET]
  [4;36;1mProduct Load (4.4ms)[0m   [0;1mSELECT * FROM "products" [0m
Rendering template within layouts/products
Rendering products/index
Completed in 20ms (View: 9, DB: 4) | 200 OK [http://localhost/products]


Processing ProductsController#new (for 127.0.0.1 at 2010-05-11 20:11:05) [GET]
Rendering template within layouts/products
Rendering products/new
Completed in 20ms (View: 8, DB: 0) | 200 OK [http://localhost/products/new]


Processing ProductsController#index (for 127.0.0.1 at 2010-05-11 20:11:10) [GET]
  [4;35;1mProduct Load (4.0ms)[0m   [0mSELECT * FROM "products" [0m
Rendering template within layouts/products
Rendering products/index
Completed in 18ms (View: 8, DB: 4) | 200 OK [http://localhost/products]


Processing ProductsController#edit (for 127.0.0.1 at 2010-05-11 20:11:12) [GET]
  Parameters: {"id"=>"1"}
  [4;36;1mProduct Load (2.0ms)[0m   [0;1mSELECT * FROM "products" WHERE ("products"."id" = 1) [0m
Rendering template within layouts/products
Rendering products/edit
Completed in 19ms (View: 8, DB: 2) | 200 OK [http://localhost/products/1/edit]


Processing ProductsController#show (for 127.0.0.1 at 2010-05-11 20:14:22) [GET]
  Parameters: {"id"=>"1"}
  [4;35;1mProduct Load (1.9ms)[0m   [0mSELECT * FROM "products" WHERE ("products"."id" = 1) [0m
Rendering template within layouts/products
Rendering products/show
Completed in 21ms (View: 7, DB: 2) | 200 OK [http://localhost/products/1]


Processing ProductsController#edit (for 127.0.0.1 at 2010-05-11 20:14:36) [GET]
  Parameters: {"id"=>"1"}
  [4;36;1mProduct Load (1.9ms)[0m   [0;1mSELECT * FROM "products" WHERE ("products"."id" = 1) [0m
Rendering template within layouts/products
Rendering products/edit
Completed in 70ms (View: 56, DB: 2) | 200 OK [http://localhost/products/1/edit]


Processing ProductsController#update (for 127.0.0.1 at 2010-05-11 20:14:53) [PUT]
  Parameters: {"commit"=>"Update", "authenticity_token"=>"c2dbc43c7cb4810dcadfa7f802ab546a9d8e5dce", "id"=>"1", "product"=>{"price"=>"42342", "image_url"=>"fjsdjdfioajfiajoi", "title"=>"<h>haahha<h>", "description"=>"fsdjfajfla"}}
  [4;35;1mProduct Load (2.0ms)[0m   [0mSELECT * FROM "products" WHERE ("products"."id" = 1) [0m
  [4;36;1mProduct Update (7.2ms)[0m   [0;1mUPDATE "products" SET "updated_at" = '2010-05-11 18:14:53', "title" = '<h>haahha<h>' WHERE "id" = 1[0m
Redirected to #<Product:0x103f552b8>
Completed in 110ms (DB: 9) | 302 Found [http://localhost/products/1]


Processing ProductsController#show (for 127.0.0.1 at 2010-05-11 20:14:54) [GET]
  Parameters: {"id"=>"1"}
  [4;35;1mProduct Load (2.5ms)[0m   [0mSELECT * FROM "products" WHERE ("products"."id" = 1) [0m
Rendering template within layouts/products
Rendering products/show
Completed in 18ms (View: 7, DB: 3) | 200 OK [http://localhost/products/1]


Processing ProductsController#edit (for 127.0.0.1 at 2010-05-11 20:15:21) [GET]
  Parameters: {"id"=>"1"}
  [4;36;1mProduct Load (2.0ms)[0m   [0;1mSELECT * FROM "products" WHERE ("products"."id" = 1) [0m
Rendering template within layouts/products
Rendering products/edit
Completed in 23ms (View: 9, DB: 2) | 200 OK [http://localhost/products/1/edit]


Processing ProductsController#update (for 127.0.0.1 at 2010-05-11 20:15:29) [PUT]
  Parameters: {"commit"=>"Update", "authenticity_token"=>"c2dbc43c7cb4810dcadfa7f802ab546a9d8e5dce", "id"=>"1", "product"=>{"price"=>"42342", "image_url"=>"fjsdjdfioajfiajoi", "title"=>"haahha", "description"=>"fsdjfajfla"}}
  [4;35;1mProduct Load (2.0ms)[0m   [0mSELECT * FROM "products" WHERE ("products"."id" = 1) [0m
  [4;36;1mProduct Update (7.1ms)[0m   [0;1mUPDATE "products" SET "updated_at" = '2010-05-11 18:15:29', "title" = 'haahha' WHERE "id" = 1[0m
Redirected to #<Product:0x103d1dce8>
Completed in 119ms (DB: 9) | 302 Found [http://localhost/products/1]


Processing ProductsController#show (for 127.0.0.1 at 2010-05-11 20:15:29) [GET]
  Parameters: {"id"=>"1"}
  [4;35;1mProduct Load (2.6ms)[0m   [0mSELECT * FROM "products" WHERE ("products"."id" = 1) [0m
Rendering template within layouts/products
Rendering products/show
Completed in 18ms (View: 6, DB: 3) | 200 OK [http://localhost/products/1]
  [4;36;1mProduct Load (5.1ms)[0m   [0;1mSELECT * FROM "products" [0m


Processing ProductsController#index (for 127.0.0.1 at 2010-05-11 20:19:35) [GET]
  [4;36;1mProduct Load (5.0ms)[0m   [0;1mSELECT * FROM "products" [0m
Rendering template within layouts/products
Rendering products/index
Completed in 23ms (View: 9, DB: 5) | 200 OK [http://localhost/products]


Processing ProductsController#new (for 127.0.0.1 at 2010-05-11 20:19:36) [GET]
Rendering template within layouts/products
Rendering products/new
Completed in 15ms (View: 8, DB: 0) | 200 OK [http://localhost/products/new]


Processing ProductsController#index (for 127.0.0.1 at 2010-05-11 20:22:27) [GET]
  [4;35;1mProduct Load (4.4ms)[0m   [0mSELECT * FROM "products" [0m
Rendering template within layouts/products
Rendering products/index
Completed in 23ms (View: 9, DB: 4) | 200 OK [http://localhost/products]


Processing ProductsController#index (for 127.0.0.1 at 2010-05-11 20:27:48) [GET]
  [4;36;1mProduct Load (5.1ms)[0m   [0;1mSELECT * FROM "products" [0m
Rendering template within layouts/products
Rendering products/index
Completed in 24ms (View: 9, DB: 5) | 200 OK [http://localhost/products]


Processing ProductsController#edit (for 127.0.0.1 at 2010-05-11 20:27:51) [GET]
  Parameters: {"id"=>"1"}
  [4;35;1mProduct Load (2.0ms)[0m   [0mSELECT * FROM "products" WHERE ("products"."id" = 1) [0m
Rendering template within layouts/products
Rendering products/edit
Completed in 18ms (View: 8, DB: 2) | 200 OK [http://localhost/products/1/edit]


Processing ProductsController#update (for 127.0.0.1 at 2010-05-11 20:28:00) [PUT]
  Parameters: {"commit"=>"Update", "authenticity_token"=>"c2dbc43c7cb4810dcadfa7f802ab546a9d8e5dce", "id"=>"1", "product"=>{"price"=>"42342", "image_url"=>"fjsdjdfioajfiajoi", "title"=>"439593", "description"=>"fdsafafda435435345fsdjfajfla"}}
  [4;36;1mProduct Load (1.9ms)[0m   [0;1mSELECT * FROM "products" WHERE ("products"."id" = 1) [0m
WARNING: Can't mass-assign these protected attributes: price, image_url, description
  [4;35;1mProduct Update (7.5ms)[0m   [0mUPDATE "products" SET "updated_at" = '2010-05-11 18:28:00', "title" = '439593' WHERE "id" = 1[0m
Redirected to #<Product:0x103de2840>
Completed in 127ms (DB: 9) | 302 Found [http://localhost/products/1]


Processing ProductsController#show (for 127.0.0.1 at 2010-05-11 20:28:00) [GET]
  Parameters: {"id"=>"1"}
  [4;36;1mProduct Load (2.7ms)[0m   [0;1mSELECT * FROM "products" WHERE ("products"."id" = 1) [0m
Rendering template within layouts/products
Rendering products/show
Completed in 18ms (View: 7, DB: 3) | 200 OK [http://localhost/products/1]


Processing ProductsController#edit (for 127.0.0.1 at 2010-05-11 20:28:49) [GET]
  Parameters: {"id"=>"1"}
  [4;35;1mProduct Load (2.5ms)[0m   [0mSELECT * FROM "products" WHERE ("products"."id" = 1) [0m
Rendering template within layouts/products
Rendering products/edit
Completed in 23ms (View: 8, DB: 3) | 200 OK [http://localhost/products/1/edit]


Processing ProductsController#update (for 127.0.0.1 at 2010-05-11 20:28:57) [PUT]
  Parameters: {"commit"=>"Update", "authenticity_token"=>"c2dbc43c7cb4810dcadfa7f802ab546a9d8e5dce", "id"=>"1", "product"=>{"price"=>"3", "image_url"=>"2", "title"=>"1", "description"=>"1"}}
  [4;36;1mProduct Load (2.0ms)[0m   [0;1mSELECT * FROM "products" WHERE ("products"."id" = 1) [0m
  [4;35;1mProduct Update (7.1ms)[0m   [0mUPDATE "products" SET "updated_at" = '2010-05-11 18:28:57', "title" = '1', "image_url" = '2', "price" = 3.0, "description" = '1' WHERE "id" = 1[0m
Redirected to #<Product:0x103bbe2f8>
Completed in 126ms (DB: 9) | 302 Found [http://localhost/products/1]


Processing ProductsController#show (for 127.0.0.1 at 2010-05-11 20:28:57) [GET]
  Parameters: {"id"=>"1"}
  [4;36;1mProduct Load (2.6ms)[0m   [0;1mSELECT * FROM "products" WHERE ("products"."id" = 1) [0m
Rendering template within layouts/products
Rendering products/show
Completed in 18ms (View: 7, DB: 3) | 200 OK [http://localhost/products/1]


Processing ProductsController#index (for 127.0.0.1 at 2010-05-11 20:30:26) [GET]
  [4;35;1mProduct Load (5.1ms)[0m   [0mSELECT * FROM "products" [0m
Rendering template within layouts/products
Rendering products/index
Completed in 70ms (View: 55, DB: 5) | 200 OK [http://localhost/products]


Processing ProductsController#new (for 127.0.0.1 at 2010-05-11 20:30:27) [GET]
Rendering template within layouts/products
Rendering products/new
Completed in 15ms (View: 7, DB: 0) | 200 OK [http://localhost/products/new]


Processing ProductsController#create (for 127.0.0.1 at 2010-05-11 20:30:29) [POST]
  Parameters: {"commit"=>"Create", "authenticity_token"=>"c2dbc43c7cb4810dcadfa7f802ab546a9d8e5dce", "product"=>{"price"=>"", "image_url"=>"", "title"=>"", "description"=>""}}
Rendering template within layouts/products
Rendering products/new
Completed in 20ms (View: 7, DB: 0) | 200 OK [http://localhost/products]


Processing ProductsController#create (for 127.0.0.1 at 2010-05-11 20:31:34) [POST]
  Parameters: {"commit"=>"Create", "authenticity_token"=>"c2dbc43c7cb4810dcadfa7f802ab546a9d8e5dce", "product"=>{"price"=>"sda", "image_url"=>"kdsgm", "title"=>"Ena 3", "description"=>"fao 43 sfa"}}
Rendering template within layouts/products
Rendering products/new
Completed in 26ms (View: 9, DB: 0) | 200 OK [http://localhost/products]


Processing ProductsController#create (for 127.0.0.1 at 2010-05-11 20:31:42) [POST]
  Parameters: {"commit"=>"Create", "authenticity_token"=>"c2dbc43c7cb4810dcadfa7f802ab546a9d8e5dce", "product"=>{"price"=>"33", "image_url"=>"kdsgm", "title"=>"Ena 3", "description"=>"fao 43 sfa"}}
  [4;36;1mProduct Create (10.0ms)[0m   [0;1mINSERT INTO "products" ("price", "created_at", "title", "image_url", "updated_at", "description") VALUES(33.0, '2010-05-11 18:31:42', 'Ena 3', 'kdsgm', '2010-05-11 18:31:42', 'fao 43 sfa')[0m
Redirected to #<Product:0x103cbf440>
Completed in 135ms (DB: 10) | 302 Found [http://localhost/products]


Processing ProductsController#show (for 127.0.0.1 at 2010-05-11 20:31:42) [GET]
  Parameters: {"id"=>"2"}
  [4;35;1mProduct Load (2.6ms)[0m   [0mSELECT * FROM "products" WHERE ("products"."id" = 2) [0m
Rendering template within layouts/products
Rendering products/show
Completed in 18ms (View: 6, DB: 3) | 200 OK [http://localhost/products/2]


Processing ProductsController#index (for 127.0.0.1 at 2010-05-11 20:31:45) [GET]
  [4;36;1mProduct Load (4.1ms)[0m   [0;1mSELECT * FROM "products" [0m
Rendering template within layouts/products
Rendering products/index
Completed in 18ms (View: 8, DB: 4) | 200 OK [http://localhost/products]


Processing ProductsController#new (for 127.0.0.1 at 2010-05-11 20:34:50) [GET]
Rendering template within layouts/products
Rendering products/new
Completed in 20ms (View: 8, DB: 0) | 200 OK [http://localhost/products/new]


Processing ProductsController#create (for 127.0.0.1 at 2010-05-11 20:34:57) [POST]
  Parameters: {"commit"=>"Create", "authenticity_token"=>"c2dbc43c7cb4810dcadfa7f802ab546a9d8e5dce", "product"=>{"price"=>"0.001", "image_url"=>"52", "title"=>"435", "description"=>"5341"}}
  [4;35;1mProduct Create (9.8ms)[0m   [0mINSERT INTO "products" ("price", "created_at", "title", "image_url", "updated_at", "description") VALUES(0.001, '2010-05-11 18:34:57', '435', '52', '2010-05-11 18:34:57', '5341')[0m
Redirected to #<Product:0x103fa41d8>
Completed in 113ms (DB: 10) | 302 Found [http://localhost/products]


Processing ProductsController#show (for 127.0.0.1 at 2010-05-11 20:34:58) [GET]
  Parameters: {"id"=>"3"}
  [4;36;1mProduct Load (2.6ms)[0m   [0;1mSELECT * FROM "products" WHERE ("products"."id" = 3) [0m
Rendering template within layouts/products
Rendering products/show
Completed in 18ms (View: 6, DB: 3) | 200 OK [http://localhost/products/3]


Processing ProductsController#index (for 127.0.0.1 at 2010-05-11 20:38:39) [GET]
  [4;35;1mProduct Load (5.2ms)[0m   [0mSELECT * FROM "products" [0m
Rendering template within layouts/products
Rendering products/index
Completed in 24ms (View: 8, DB: 5) | 200 OK [http://localhost/products]


Processing ProductsController#new (for 127.0.0.1 at 2010-05-11 20:38:41) [GET]
Rendering template within layouts/products
Rendering products/new
Completed in 15ms (View: 7, DB: 0) | 200 OK [http://localhost/products/new]


Processing ProductsController#create (for 127.0.0.1 at 2010-05-11 20:38:55) [POST]
  Parameters: {"commit"=>"Create", "authenticity_token"=>"c2dbc43c7cb4810dcadfa7f802ab546a9d8e5dce", "product"=>{"price"=>"0.003", "image_url"=>"fafafadsfa", "title"=>"fafa4", "description"=>"fasf"}}
  [4;36;1mProduct Exists (1.6ms)[0m   [0;1mSELECT "products".id FROM "products" WHERE ("products"."title" = 'fafa4') LIMIT 1[0m
Rendering template within layouts/products
Rendering products/new
Completed in 29ms (View: 9, DB: 2) | 200 OK [http://localhost/products]


Processing ProductsController#create (for 127.0.0.1 at 2010-05-11 20:39:09) [POST]
  Parameters: {"commit"=>"Create", "authenticity_token"=>"c2dbc43c7cb4810dcadfa7f802ab546a9d8e5dce", "product"=>{"price"=>"0.3", "image_url"=>"fafafadsfa.JPG", "title"=>"fafa4", "description"=>"fasf"}}
  [4;35;1mProduct Exists (1.5ms)[0m   [0mSELECT "products".id FROM "products" WHERE ("products"."title" = 'fafa4') LIMIT 1[0m
  [4;36;1mProduct Create (7.9ms)[0m   [0;1mINSERT INTO "products" ("price", "created_at", "title", "image_url", "updated_at", "description") VALUES(0.3, '2010-05-11 18:39:09', 'fafa4', 'fafafadsfa.JPG', '2010-05-11 18:39:09', 'fasf')[0m
Redirected to #<Product:0x103bb8da8>
Completed in 113ms (DB: 9) | 302 Found [http://localhost/products]


Processing ProductsController#show (for 127.0.0.1 at 2010-05-11 20:39:09) [GET]
  Parameters: {"id"=>"4"}
  [4;35;1mProduct Load (2.5ms)[0m   [0mSELECT * FROM "products" WHERE ("products"."id" = 4) [0m
Rendering template within layouts/products
Rendering products/show
Completed in 18ms (View: 7, DB: 3) | 200 OK [http://localhost/products/4]


Processing ProductsController#index (for 127.0.0.1 at 2010-05-11 20:39:58) [GET]
  [4;36;1mProduct Load (5.1ms)[0m   [0;1mSELECT * FROM "products" [0m
Rendering template within layouts/products
Rendering products/index
Completed in 70ms (View: 9, DB: 5) | 200 OK [http://localhost/products]


Processing ProductsController#new (for 127.0.0.1 at 2010-05-11 20:39:59) [GET]
Rendering template within layouts/products
Rendering products/new
Completed in 20ms (View: 8, DB: 0) | 200 OK [http://localhost/products/new]


Processing ProductsController#create (for 127.0.0.1 at 2010-05-11 20:40:06) [POST]
  Parameters: {"commit"=>"Create", "authenticity_token"=>"c2dbc43c7cb4810dcadfa7f802ab546a9d8e5dce", "product"=>{"price"=>"12", "image_url"=>"t34t3", "title"=>"jm45", "description"=>"546"}}
  [4;35;1mProduct Exists (1.5ms)[0m   [0mSELECT "products".id FROM "products" WHERE ("products"."title" = 'jm45') LIMIT 1[0m
Rendering template within layouts/products
Rendering products/new
Completed in 23ms (View: 7, DB: 2) | 200 OK [http://localhost/products]


Processing ProductsController#index (for 127.0.0.1 at 2010-05-11 20:42:34) [GET]
  [4;36;1mProduct Load (4.0ms)[0m   [0;1mSELECT * FROM "products" [0m
Rendering template within layouts/products
Rendering products/index
Completed in 24ms (View: 10, DB: 4) | 200 OK [http://localhost/products]
  [4;36;1mProduct Exists (2.6ms)[0m   [0;1mSELECT "products".id FROM "products" WHERE ("products"."title" = 'bla') LIMIT 1[0m
  [4;35;1mProduct Exists (2.3ms)[0m   [0mSELECT "products".id FROM "products" WHERE ("products"."title" = 'bla') LIMIT 1[0m
  [4;36;1mProduct Create (10.5ms)[0m   [0;1mINSERT INTO "products" ("price", "created_at", "title", "image_url", "updated_at", "description") VALUES(10.0, '2010-05-11 18:45:48', 'bla', NULL, '2010-05-11 18:45:48', NULL)[0m


Processing ProductsController#index (for 127.0.0.1 at 2010-05-11 20:45:57) [GET]
  [4;35;1mProduct Load (5.0ms)[0m   [0mSELECT * FROM "products" [0m
Rendering template within layouts/products
Rendering products/index
Completed in 25ms (View: 10, DB: 5) | 200 OK [http://localhost/products]
  [4;35;1mProduct Load (3.7ms)[0m   [0mSELECT * FROM "products" [0m
